{"/home/runner/work/sdk/sdk/src/client.ts": {"path":"/home/runner/work/sdk/sdk/src/client.ts","statementMap":{"0":{"start":{"line":1,"column":0},"end":{"line":1,"column":43}},"1":{"start":{"line":2,"column":0},"end":{"line":2,"column":54}},"2":{"start":{"line":3,"column":0},"end":{"line":3,"column":38}},"3":{"start":{"line":4,"column":0},"end":{"line":4,"column":50}},"4":{"start":{"line":33,"column":4},"end":{"line":33,"column":50}},"5":{"start":{"line":41,"column":4},"end":{"line":49,"column":null}},"6":{"start":{"line":42,"column":6},"end":{"line":42,"column":61}},"7":{"start":{"line":43,"column":11},"end":{"line":49,"column":null}},"8":{"start":{"line":44,"column":6},"end":{"line":44,"column":56}},"9":{"start":{"line":45,"column":11},"end":{"line":49,"column":null}},"10":{"start":{"line":46,"column":6},"end":{"line":46,"column":61}},"11":{"start":{"line":48,"column":6},"end":{"line":48,"column":70}},"12":{"start":{"line":51,"column":4},"end":{"line":56,"column":24}},"13":{"start":{"line":58,"column":4},"end":{"line":58,"column":68}},"14":{"start":{"line":66,"column":4},"end":{"line":66,"column":56}},"15":{"start":{"line":67,"column":22},"end":{"line":67,"column":74}},"16":{"start":{"line":69,"column":32},"end":{"line":74,"column":6}},"17":{"start":{"line":76,"column":4},"end":{"line":76,"column":66}},"18":{"start":{"line":82,"column":4},"end":{"line":82,"column":68}},"19":{"start":{"line":86,"column":4},"end":{"line":86,"column":73}},"20":{"start":{"line":90,"column":4},"end":{"line":97,"column":null}},"21":{"start":{"line":91,"column":6},"end":{"line":94,"column":29}},"22":{"start":{"line":96,"column":6},"end":{"line":96,"column":65}},"23":{"start":{"line":101,"column":25},"end":{"line":102,"column":null}},"24":{"start":{"line":105,"column":4},"end":{"line":105,"column":74}},"25":{"start":{"line":109,"column":4},"end":{"line":109,"column":67}},"26":{"start":{"line":113,"column":4},"end":{"line":113,"column":58}},"27":{"start":{"line":119,"column":4},"end":{"line":123,"column":6}},"28":{"start":{"line":127,"column":4},"end":{"line":139,"column":null}},"29":{"start":{"line":128,"column":6},"end":{"line":132,"column":26}},"30":{"start":{"line":134,"column":6},"end":{"line":138,"column":26}},"31":{"start":{"line":143,"column":25},"end":{"line":144,"column":null}},"32":{"start":{"line":147,"column":4},"end":{"line":152,"column":32}},"33":{"start":{"line":163,"column":16},"end":{"line":172,"column":6}},"34":{"start":{"line":174,"column":21},"end":{"line":174,"column":37}},"35":{"start":{"line":176,"column":4},"end":{"line":180,"column":null}},"36":{"start":{"line":177,"column":6},"end":{"line":177,"column":22}},"37":{"start":{"line":179,"column":6},"end":{"line":179,"column":21}},"38":{"start":{"line":184,"column":4},"end":{"line":184,"column":48}},"39":{"start":{"line":188,"column":4},"end":{"line":188,"column":61}},"40":{"start":{"line":192,"column":4},"end":{"line":192,"column":66}},"41":{"start":{"line":25,"column":0},"end":{"line":25,"column":13}}},"fnMap":{"0":{"name":"(anonymous_1)","decl":{"start":{"line":32,"column":2},"end":{"line":32,"column":14}},"loc":{"start":{"line":32,"column":55},"end":{"line":34,"column":3}}},"1":{"name":"(anonymous_2)","decl":{"start":{"line":38,"column":2},"end":{"line":38,"column":7}},"loc":{"start":{"line":38,"column":27},"end":{"line":59,"column":3}}},"2":{"name":"(anonymous_3)","decl":{"start":{"line":61,"column":2},"end":{"line":61,"column":13}},"loc":{"start":{"line":61,"column":35},"end":{"line":77,"column":3}}},"3":{"name":"(anonymous_4)","decl":{"start":{"line":81,"column":2},"end":{"line":81,"column":16}},"loc":{"start":{"line":81,"column":16},"end":{"line":83,"column":3}}},"4":{"name":"(anonymous_5)","decl":{"start":{"line":85,"column":2},"end":{"line":85,"column":12}},"loc":{"start":{"line":85,"column":30},"end":{"line":87,"column":3}}},"5":{"name":"(anonymous_6)","decl":{"start":{"line":89,"column":2},"end":{"line":89,"column":13}},"loc":{"start":{"line":89,"column":32},"end":{"line":98,"column":3}}},"6":{"name":"(anonymous_7)","decl":{"start":{"line":100,"column":2},"end":{"line":100,"column":11}},"loc":{"start":{"line":100,"column":32},"end":{"line":106,"column":3}}},"7":{"name":"(anonymous_8)","decl":{"start":{"line":108,"column":2},"end":{"line":108,"column":10}},"loc":{"start":{"line":108,"column":26},"end":{"line":110,"column":3}}},"8":{"name":"(anonymous_9)","decl":{"start":{"line":112,"column":2},"end":{"line":112,"column":11}},"loc":{"start":{"line":112,"column":11},"end":{"line":114,"column":3}}},"9":{"name":"(anonymous_10)","decl":{"start":{"line":118,"column":2},"end":{"line":118,"column":13}},"loc":{"start":{"line":118,"column":50},"end":{"line":124,"column":3}}},"10":{"name":"(anonymous_11)","decl":{"start":{"line":126,"column":2},"end":{"line":126,"column":12}},"loc":{"start":{"line":126,"column":48},"end":{"line":140,"column":3}}},"11":{"name":"(anonymous_12)","decl":{"start":{"line":142,"column":2},"end":{"line":142,"column":26}},"loc":{"start":{"line":142,"column":41},"end":{"line":153,"column":3}}}},"branchMap":{"0":{"loc":{"start":{"line":32,"column":14},"end":{"line":32,"column":55}},"type":"default-arg","locations":[{"start":{"line":32,"column":46},"end":{"line":32,"column":55}}]},"1":{"loc":{"start":{"line":41,"column":4},"end":{"line":49,"column":null}},"type":"if","locations":[{"start":{"line":41,"column":4},"end":{"line":49,"column":null}},{"start":{"line":43,"column":11},"end":{"line":49,"column":null}}]},"2":{"loc":{"start":{"line":43,"column":11},"end":{"line":49,"column":null}},"type":"if","locations":[{"start":{"line":43,"column":11},"end":{"line":49,"column":null}},{"start":{"line":45,"column":11},"end":{"line":49,"column":null}}]},"3":{"loc":{"start":{"line":45,"column":11},"end":{"line":49,"column":null}},"type":"if","locations":[{"start":{"line":45,"column":11},"end":{"line":49,"column":null}},{"start":{"line":47,"column":11},"end":{"line":49,"column":null}}]},"4":{"loc":{"start":{"line":90,"column":4},"end":{"line":97,"column":null}},"type":"if","locations":[{"start":{"line":90,"column":4},"end":{"line":97,"column":null}},{"start":{"line":95,"column":11},"end":{"line":97,"column":null}}]},"5":{"loc":{"start":{"line":127,"column":4},"end":{"line":139,"column":null}},"type":"if","locations":[{"start":{"line":127,"column":4},"end":{"line":139,"column":null}},{"start":{"line":133,"column":11},"end":{"line":139,"column":null}}]},"6":{"loc":{"start":{"line":167,"column":10},"end":{"line":167,"column":null}},"type":"cond-expr","locations":[{"start":{"line":167,"column":26},"end":{"line":167,"column":49}},{"start":{"line":167,"column":52},"end":{"line":167,"column":null}}]},"7":{"loc":{"start":{"line":169,"column":23},"end":{"line":169,"column":46}},"type":"binary-expr","locations":[{"start":{"line":169,"column":23},"end":{"line":169,"column":40}},{"start":{"line":169,"column":44},"end":{"line":169,"column":46}}]},"8":{"loc":{"start":{"line":176,"column":4},"end":{"line":180,"column":null}},"type":"if","locations":[{"start":{"line":176,"column":4},"end":{"line":180,"column":null}},{"start":{"line":178,"column":11},"end":{"line":180,"column":null}}]}},"s":{"0":1,"1":1,"2":1,"3":1,"4":10,"5":9,"6":0,"7":9,"8":0,"9":9,"10":9,"11":0,"12":9,"13":9,"14":0,"15":0,"16":0,"17":0,"18":4,"19":2,"20":1,"21":0,"22":1,"23":2,"24":2,"25":1,"26":1,"27":1,"28":1,"29":0,"30":1,"31":0,"32":0,"33":22,"34":22,"35":22,"36":21,"37":1,"38":9,"39":9,"40":9,"41":1},"f":{"0":10,"1":9,"2":0,"3":4,"4":2,"5":1,"6":2,"7":1,"8":1,"9":1,"10":1,"11":0},"b":{"0":[10],"1":[0,9],"2":[0,9],"3":[9,0],"4":[0,1],"5":[0,1],"6":[9,13],"7":[22,9],"8":[21,1]}}
,"/home/runner/work/sdk/sdk/src/config.ts": {"path":"/home/runner/work/sdk/sdk/src/config.ts","statementMap":{"0":{"start":{"line":3,"column":32},"end":{"line":14,"column":2}},"1":{"start":{"line":16,"column":9},"end":{"line":16,"column":24}}},"fnMap":{},"branchMap":{},"s":{"0":1,"1":1},"f":{},"b":{}}
,"/home/runner/work/sdk/sdk/src/index.ts": {"path":"/home/runner/work/sdk/sdk/src/index.ts","statementMap":{"0":{"start":{"line":1,"column":0},"end":{"line":1,"column":9}},"1":{"start":{"line":1,"column":9},"end":{"line":1,"column":42}},"2":{"start":{"line":2,"column":0},"end":{"line":2,"column":24}}},"fnMap":{"0":{"name":"(anonymous_4)","decl":{"start":{"line":1,"column":9},"end":{"line":1,"column":23}},"loc":{"start":{"line":1,"column":9},"end":{"line":1,"column":42}}}},"branchMap":{},"s":{"0":1,"1":12,"2":1},"f":{"0":11},"b":{}}
,"/home/runner/work/sdk/sdk/src/types.ts": {"path":"/home/runner/work/sdk/sdk/src/types.ts","statementMap":{"0":{"start":{"line":22,"column":0},"end":{"line":22,"column":null}},"1":{"start":{"line":23,"column":2},"end":{"line":23,"column":null}},"2":{"start":{"line":24,"column":2},"end":{"line":24,"column":null}},"3":{"start":{"line":25,"column":2},"end":{"line":25,"column":null}},"4":{"start":{"line":26,"column":2},"end":{"line":26,"column":null}},"5":{"start":{"line":79,"column":0},"end":{"line":79,"column":null}},"6":{"start":{"line":80,"column":2},"end":{"line":80,"column":null}},"7":{"start":{"line":81,"column":2},"end":{"line":81,"column":null}},"8":{"start":{"line":82,"column":2},"end":{"line":82,"column":null}},"9":{"start":{"line":83,"column":2},"end":{"line":83,"column":null}},"10":{"start":{"line":86,"column":0},"end":{"line":86,"column":null}},"11":{"start":{"line":87,"column":2},"end":{"line":87,"column":null}},"12":{"start":{"line":88,"column":2},"end":{"line":88,"column":null}},"13":{"start":{"line":91,"column":0},"end":{"line":91,"column":null}},"14":{"start":{"line":92,"column":2},"end":{"line":92,"column":null}},"15":{"start":{"line":93,"column":2},"end":{"line":93,"column":null}},"16":{"start":{"line":115,"column":0},"end":{"line":115,"column":null}},"17":{"start":{"line":116,"column":2},"end":{"line":116,"column":null}},"18":{"start":{"line":117,"column":2},"end":{"line":117,"column":null}},"19":{"start":{"line":118,"column":2},"end":{"line":118,"column":null}},"20":{"start":{"line":119,"column":2},"end":{"line":119,"column":null}},"21":{"start":{"line":122,"column":0},"end":{"line":122,"column":null}},"22":{"start":{"line":123,"column":2},"end":{"line":123,"column":null}},"23":{"start":{"line":124,"column":2},"end":{"line":124,"column":null}},"24":{"start":{"line":125,"column":2},"end":{"line":125,"column":null}},"25":{"start":{"line":133,"column":0},"end":{"line":133,"column":null}},"26":{"start":{"line":134,"column":2},"end":{"line":134,"column":null}},"27":{"start":{"line":135,"column":2},"end":{"line":135,"column":null}},"28":{"start":{"line":159,"column":0},"end":{"line":159,"column":null}},"29":{"start":{"line":160,"column":2},"end":{"line":160,"column":null}},"30":{"start":{"line":161,"column":2},"end":{"line":161,"column":null}},"31":{"start":{"line":162,"column":2},"end":{"line":162,"column":null}},"32":{"start":{"line":165,"column":0},"end":{"line":165,"column":null}},"33":{"start":{"line":166,"column":2},"end":{"line":166,"column":null}},"34":{"start":{"line":167,"column":2},"end":{"line":167,"column":null}},"35":{"start":{"line":168,"column":2},"end":{"line":168,"column":null}},"36":{"start":{"line":169,"column":2},"end":{"line":169,"column":null}},"37":{"start":{"line":187,"column":0},"end":{"line":187,"column":null}},"38":{"start":{"line":188,"column":2},"end":{"line":188,"column":null}},"39":{"start":{"line":189,"column":2},"end":{"line":189,"column":null}},"40":{"start":{"line":192,"column":0},"end":{"line":192,"column":null}},"41":{"start":{"line":193,"column":2},"end":{"line":193,"column":null}},"42":{"start":{"line":194,"column":2},"end":{"line":194,"column":null}},"43":{"start":{"line":195,"column":2},"end":{"line":195,"column":null}},"44":{"start":{"line":196,"column":2},"end":{"line":196,"column":null}}},"fnMap":{"0":{"name":"(anonymous_0)","decl":{"start":{"line":22,"column":0},"end":{"line":22,"column":12}},"loc":{"start":{"line":22,"column":20},"end":{"line":27,"column":1}}},"1":{"name":"(anonymous_1)","decl":{"start":{"line":79,"column":0},"end":{"line":79,"column":5}},"loc":{"start":{"line":79,"column":11},"end":{"line":84,"column":1}}},"2":{"name":"(anonymous_2)","decl":{"start":{"line":86,"column":0},"end":{"line":86,"column":12}},"loc":{"start":{"line":86,"column":23},"end":{"line":89,"column":1}}},"3":{"name":"(anonymous_3)","decl":{"start":{"line":91,"column":0},"end":{"line":91,"column":12}},"loc":{"start":{"line":91,"column":22},"end":{"line":94,"column":1}}},"4":{"name":"(anonymous_4)","decl":{"start":{"line":115,"column":0},"end":{"line":115,"column":12}},"loc":{"start":{"line":115,"column":20},"end":{"line":120,"column":1}}},"5":{"name":"(anonymous_5)","decl":{"start":{"line":122,"column":0},"end":{"line":122,"column":12}},"loc":{"start":{"line":122,"column":22},"end":{"line":126,"column":1}}},"6":{"name":"(anonymous_6)","decl":{"start":{"line":133,"column":0},"end":{"line":133,"column":12}},"loc":{"start":{"line":133,"column":27},"end":{"line":136,"column":1}}},"7":{"name":"(anonymous_7)","decl":{"start":{"line":159,"column":0},"end":{"line":159,"column":12}},"loc":{"start":{"line":159,"column":17},"end":{"line":163,"column":1}}},"8":{"name":"(anonymous_8)","decl":{"start":{"line":165,"column":0},"end":{"line":165,"column":12}},"loc":{"start":{"line":165,"column":19},"end":{"line":170,"column":1}}},"9":{"name":"(anonymous_9)","decl":{"start":{"line":187,"column":0},"end":{"line":187,"column":12}},"loc":{"start":{"line":187,"column":21},"end":{"line":190,"column":1}}},"10":{"name":"(anonymous_10)","decl":{"start":{"line":192,"column":0},"end":{"line":192,"column":12}},"loc":{"start":{"line":192,"column":22},"end":{"line":197,"column":1}}}},"branchMap":{"0":{"loc":{"start":{"line":22,"column":12},"end":{"line":22,"column":null}},"type":"binary-expr","locations":[{"start":{"line":22,"column":12},"end":{"line":22,"column":20}},{"start":{"line":22,"column":12},"end":{"line":22,"column":null}}]},"1":{"loc":{"start":{"line":79,"column":5},"end":{"line":79,"column":null}},"type":"binary-expr","locations":[{"start":{"line":79,"column":5},"end":{"line":79,"column":11}},{"start":{"line":79,"column":5},"end":{"line":79,"column":null}}]},"2":{"loc":{"start":{"line":86,"column":12},"end":{"line":86,"column":null}},"type":"binary-expr","locations":[{"start":{"line":86,"column":12},"end":{"line":86,"column":23}},{"start":{"line":86,"column":12},"end":{"line":86,"column":null}}]},"3":{"loc":{"start":{"line":91,"column":12},"end":{"line":91,"column":null}},"type":"binary-expr","locations":[{"start":{"line":91,"column":12},"end":{"line":91,"column":22}},{"start":{"line":91,"column":12},"end":{"line":91,"column":null}}]},"4":{"loc":{"start":{"line":115,"column":12},"end":{"line":115,"column":null}},"type":"binary-expr","locations":[{"start":{"line":115,"column":12},"end":{"line":115,"column":20}},{"start":{"line":115,"column":12},"end":{"line":115,"column":null}}]},"5":{"loc":{"start":{"line":122,"column":12},"end":{"line":122,"column":null}},"type":"binary-expr","locations":[{"start":{"line":122,"column":12},"end":{"line":122,"column":22}},{"start":{"line":122,"column":12},"end":{"line":122,"column":null}}]},"6":{"loc":{"start":{"line":133,"column":12},"end":{"line":133,"column":null}},"type":"binary-expr","locations":[{"start":{"line":133,"column":12},"end":{"line":133,"column":27}},{"start":{"line":133,"column":12},"end":{"line":133,"column":null}}]},"7":{"loc":{"start":{"line":159,"column":12},"end":{"line":159,"column":null}},"type":"binary-expr","locations":[{"start":{"line":159,"column":12},"end":{"line":159,"column":17}},{"start":{"line":159,"column":12},"end":{"line":159,"column":null}}]},"8":{"loc":{"start":{"line":165,"column":12},"end":{"line":165,"column":null}},"type":"binary-expr","locations":[{"start":{"line":165,"column":12},"end":{"line":165,"column":19}},{"start":{"line":165,"column":12},"end":{"line":165,"column":null}}]},"9":{"loc":{"start":{"line":187,"column":12},"end":{"line":187,"column":null}},"type":"binary-expr","locations":[{"start":{"line":187,"column":12},"end":{"line":187,"column":21}},{"start":{"line":187,"column":12},"end":{"line":187,"column":null}}]},"10":{"loc":{"start":{"line":192,"column":12},"end":{"line":192,"column":null}},"type":"binary-expr","locations":[{"start":{"line":192,"column":12},"end":{"line":192,"column":22}},{"start":{"line":192,"column":12},"end":{"line":192,"column":null}}]}},"s":{"0":1,"1":1,"2":1,"3":1,"4":1,"5":1,"6":1,"7":1,"8":1,"9":1,"10":1,"11":1,"12":1,"13":1,"14":1,"15":1,"16":1,"17":1,"18":1,"19":1,"20":1,"21":1,"22":1,"23":1,"24":1,"25":1,"26":1,"27":1,"28":1,"29":1,"30":1,"31":1,"32":1,"33":1,"34":1,"35":1,"36":1,"37":1,"38":1,"39":1,"40":1,"41":1,"42":1,"43":1,"44":1},"f":{"0":1,"1":1,"2":1,"3":1,"4":1,"5":1,"6":1,"7":1,"8":1,"9":1,"10":1},"b":{"0":[1,1],"1":[1,1],"2":[1,1],"3":[1,1],"4":[1,1],"5":[1,1],"6":[1,1],"7":[1,1],"8":[1,1],"9":[1,1],"10":[1,1]}}
}
