TN:
SF:src/client.ts
FN:32,(anonymous_1)
FN:38,(anonymous_2)
FN:61,(anonymous_3)
FN:81,(anonymous_4)
FN:85,(anonymous_5)
FN:89,(anonymous_6)
FN:100,(anonymous_7)
FN:108,(anonymous_8)
FN:112,(anonymous_9)
FN:118,(anonymous_10)
FN:126,(anonymous_11)
FN:142,(anonymous_12)
FNF:12
FNH:10
FNDA:10,(anonymous_1)
FNDA:9,(anonymous_2)
FNDA:0,(anonymous_3)
FNDA:4,(anonymous_4)
FNDA:2,(anonymous_5)
FNDA:1,(anonymous_6)
FNDA:2,(anonymous_7)
FNDA:1,(anonymous_8)
FNDA:1,(anonymous_9)
FNDA:1,(anonymous_10)
FNDA:1,(anonymous_11)
FNDA:0,(anonymous_12)
DA:1,1
DA:2,1
DA:3,1
DA:4,1
DA:25,1
DA:33,10
DA:41,9
DA:42,0
DA:43,9
DA:44,0
DA:45,9
DA:46,9
DA:48,0
DA:51,9
DA:58,9
DA:66,0
DA:67,0
DA:69,0
DA:76,0
DA:82,4
DA:86,2
DA:90,1
DA:91,0
DA:96,1
DA:101,2
DA:105,2
DA:109,1
DA:113,1
DA:119,1
DA:127,1
DA:128,0
DA:134,1
DA:143,0
DA:147,0
DA:163,22
DA:174,22
DA:176,22
DA:177,21
DA:179,1
DA:184,9
DA:188,9
DA:192,9
LF:42
LH:31
BRDA:32,0,0,10
BRDA:41,1,0,0
BRDA:41,1,1,9
BRDA:43,2,0,0
BRDA:43,2,1,9
BRDA:45,3,0,9
BRDA:45,3,1,0
BRDA:90,4,0,0
BRDA:90,4,1,1
BRDA:127,5,0,0
BRDA:127,5,1,1
BRDA:167,6,0,9
BRDA:167,6,1,13
BRDA:169,7,0,22
BRDA:169,7,1,9
BRDA:176,8,0,21
BRDA:176,8,1,1
BRF:17
BRH:12
end_of_record
TN:
SF:src/config.ts
FNF:0
FNH:0
DA:3,1
DA:16,1
LF:2
LH:2
BRF:0
BRH:0
end_of_record
TN:
SF:src/index.ts
FN:1,(anonymous_4)
FNF:1
FNH:1
FNDA:11,(anonymous_4)
DA:1,12
DA:2,1
LF:2
LH:2
BRF:0
BRH:0
end_of_record
TN:
SF:src/types.ts
FN:22,(anonymous_0)
FN:79,(anonymous_1)
FN:86,(anonymous_2)
FN:91,(anonymous_3)
FN:115,(anonymous_4)
FN:122,(anonymous_5)
FN:133,(anonymous_6)
FN:159,(anonymous_7)
FN:165,(anonymous_8)
FN:187,(anonymous_9)
FN:192,(anonymous_10)
FNF:11
FNH:11
FNDA:1,(anonymous_0)
FNDA:1,(anonymous_1)
FNDA:1,(anonymous_2)
FNDA:1,(anonymous_3)
FNDA:1,(anonymous_4)
FNDA:1,(anonymous_5)
FNDA:1,(anonymous_6)
FNDA:1,(anonymous_7)
FNDA:1,(anonymous_8)
FNDA:1,(anonymous_9)
FNDA:1,(anonymous_10)
DA:22,1
DA:23,1
DA:24,1
DA:25,1
DA:26,1
DA:79,1
DA:80,1
DA:81,1
DA:82,1
DA:83,1
DA:86,1
DA:87,1
DA:88,1
DA:91,1
DA:92,1
DA:93,1
DA:115,1
DA:116,1
DA:117,1
DA:118,1
DA:119,1
DA:122,1
DA:123,1
DA:124,1
DA:125,1
DA:133,1
DA:134,1
DA:135,1
DA:159,1
DA:160,1
DA:161,1
DA:162,1
DA:165,1
DA:166,1
DA:167,1
DA:168,1
DA:169,1
DA:187,1
DA:188,1
DA:189,1
DA:192,1
DA:193,1
DA:194,1
DA:195,1
DA:196,1
LF:45
LH:45
BRDA:22,0,0,1
BRDA:22,0,1,1
BRDA:79,1,0,1
BRDA:79,1,1,1
BRDA:86,2,0,1
BRDA:86,2,1,1
BRDA:91,3,0,1
BRDA:91,3,1,1
BRDA:115,4,0,1
BRDA:115,4,1,1
BRDA:122,5,0,1
BRDA:122,5,1,1
BRDA:133,6,0,1
BRDA:133,6,1,1
BRDA:159,7,0,1
BRDA:159,7,1,1
BRDA:165,8,0,1
BRDA:165,8,1,1
BRDA:187,9,0,1
BRDA:187,9,1,1
BRDA:192,10,0,1
BRDA:192,10,1,1
BRF:22
BRH:22
end_of_record
